##############################################################################
#                                                                            #
# IAR ARM ANSI C/C++ Compiler V4.42A/W32 EVALUATION    02/Oct/2016  22:27:15 #
# Copyright 1999-2005 IAR Systems. All rights reserved.                      #
#                                                                            #
#    Cpu mode        =  interwork                                            #
#    Endian          =  little                                               #
#    Stack alignment =  4                                                    #
#    Source file     =  H:\aveman\SiemanC-git\Platform\loaders\ElfLoader3\sr #
#                       c2\config_data.c                                     #
#    Command line    =  H:\aveman\SiemanC-git\Platform\loaders\ElfLoader3\sr #
#                       c2\config_data.c -D NDEBUG -D NEWSGOLD -D ELKA -lC   #
#                       H:\aveman\SiemanC-git\Platform\loaders\ElfLoader3\sr #
#                       c2\E71sw45\List\ -o H:\aveman\SiemanC-git\Platform\l #
#                       oaders\ElfLoader3\src2\E71sw45\Obj\ -s9 --no_unroll  #
#                       --cpu_mode thumb --endian little --cpu ARM926EJ-S    #
#                       --stack_align 4 --interwork -e --fpu None -I         #
#                       ..\dev\include\ -I H:\aveman\IAR\ARM\INC\            #
#                       --inline_threshold=2                                 #
#    List file       =  H:\aveman\SiemanC-git\Platform\loaders\ElfLoader3\sr #
#                       c2\E71sw45\List\config_data.lst                      #
#    Object file     =  H:\aveman\SiemanC-git\Platform\loaders\ElfLoader3\sr #
#                       c2\E71sw45\Obj\config_data.r79                       #
#                                                                            #
#                                                                            #
##############################################################################

H:\aveman\SiemanC-git\Platform\loaders\ElfLoader3\src2\config_data.c
      1          #include "loader3\loader.h"
      2          #include <..\..\inc\cfg_items.h>
      3          #include "config_struct.h"
      4          //Конфигурация
      5          
      6          

   \                                 In segment DATA_C, align 4, align-sorted
      7          const config_structure_t config_structure = 
   \                     config_structure:
   \   00000000   01000000           DC32 1
   \   00000004   416C7068612D       DC8 "Alpha-chan threshold"
   \              6368616E2074
   \              68726573686F
   \              6C6400      
   \   00000019   000000000000       DC8 0, 0, 0, 0, 0, 0, 0, 0, 0, 0, 0
   \              0000000000  
   \   00000024   00000000FF00       DC32 0, 255, 128, 1
   \              000080000000
   \              01000000    
   \   00000034   504E47206361       DC8 "PNG cache size"
   \              636865207369
   \              7A6500      
   \   00000043   000000000000       DC8 0, 0, 0, 0, 0, 0, 0, 0, 0, 0, 0, 0, 0, 0, 0, 0, 0
   \              000000000000
   \              0000000000  
   \   00000054   14000000C800       DC32 20, 200, 50, 5
   \              000032000000
   \              05000000    
   \   00000064   44656661756C       DC8 "Default bit-depth"
   \              74206269742D
   \              646570746800
   \   00000076   000000000000       DC8 0, 0, 0, 0, 0, 0, 0, 0, 0, 0, 0, 0, 0, 0
   \              000000000000
   \              0000        
   \   00000084   000000000300       DC32 0, 3, 2
   \              000002000000
   \   00000090   382062697473       DC8 "8 bits"
   \              00          
   \   00000097   000000000000       DC8 0, 0, 0, 0, 0, 0, 0, 0, 0, 0, 0, 0, 0, 0, 0, 0
   \              000000000000
   \              00000000    
   \   000000A7   000000000000       DC8 0, 0, 0, 0, 0, 0, 0, 0, 0
   \              000000      
   \   000000B0   313620626974       DC8 "16 bits"
   \              7300        
   \   000000B8   000000000000       DC8 0, 0, 0, 0, 0, 0, 0, 0, 0, 0, 0, 0, 0, 0, 0, 0
   \              000000000000
   \              00000000    
   \   000000C8   000000000000       DC8 0, 0, 0, 0, 0, 0, 0, 0
   \              0000        
   \   000000D0   323420626974       DC8 "24 bits+alpha"
   \              732B616C7068
   \              6100        
   \   000000DE   000000000000       DC8 0, 0, 0, 0, 0, 0, 0, 0, 0, 0, 0, 0, 0, 0, 0, 0, 0, 0
   \              000000000000
   \              000000000000
   \   000000F0   0B000000           DC32 11
   \   000000F4   4C6F61642064       DC8 "Load daemon in subproc"
   \              61656D6F6E20
   \              696E20737562
   \              70726F6300  
   \   0000010B   000000000000       DC8 0, 0, 0, 0, 0, 0, 0, 0, 0
   \              000000      
   \   00000114   000000000200       DC32 0, 2, 1, 2
   \              000001000000
   \              02000000    
   \   00000124   496D61676520       DC8 "Image folder way"
   \              666F6C646572
   \              2077617900  
   \   00000135   000000000000       DC8 0, 0, 0, 0, 0, 0, 0, 0, 0, 0, 0, 0, 0, 0, 0
   \              000000000000
   \              000000      
   \   00000144   000000007F00       DC32 0, 127
   \              0000        
   \   0000014C   343A5C5A4269       DC8 "4:\\ZBin\\img\\"
   \              6E5C696D675C
   \              00          
   \   00000159   000000000000       DC8 0, 0, 0, 0, 0, 0, 0, 0, 0, 0, 0, 0, 0, 0, 0, 0
   \              000000000000
   \              00000000    
   \   00000169   000000000000       DC8 0, 0, 0, 0, 0, 0, 0, 0, 0, 0, 0, 0, 0, 0, 0, 0
   \              000000000000
   \              00000000    
   \   00000179   000000000000       DC8 0, 0, 0, 0, 0, 0, 0, 0, 0, 0, 0, 0, 0, 0, 0, 0
   \              000000000000
   \              00000000    
   \   00000189   000000000000       DC8 0, 0, 0, 0, 0, 0, 0, 0, 0, 0, 0, 0, 0, 0, 0, 0
   \              000000000000
   \              00000000    
   \   00000199   000000000000       DC8 0, 0, 0, 0, 0, 0, 0, 0, 0, 0, 0, 0, 0, 0, 0, 0
   \              000000000000
   \              00000000    
   \   000001A9   000000000000       DC8 0, 0, 0, 0, 0, 0, 0, 0, 0, 0, 0, 0, 0, 0, 0, 0
   \              000000000000
   \              00000000    
   \   000001B9   000000000000       DC8 0, 0, 0, 0, 0, 0, 0, 0, 0, 0, 0, 0, 0, 0, 0, 0, 0, 0, 0
   \              000000000000
   \              000000000000
   \              00          
   \   000001CC   02000000           DC32 2
   \   000001D0   4461656D6F6E       DC8 "Daemons folder way"
   \              7320666F6C64
   \              657220776179
   \              00          
   \   000001E3   000000000000       DC8 0, 0, 0, 0, 0, 0, 0, 0, 0, 0, 0, 0, 0
   \              000000000000
   \              00          
   \   000001F0   000000007F00       DC32 0, 127
   \              0000        
   \   000001F8   343A5C5A4269       DC8 "4:\\ZBin\\Daemons\\"
   \              6E5C4461656D
   \              6F6E735C00  
   \   00000209   000000000000       DC8 0, 0, 0, 0, 0, 0, 0, 0, 0, 0, 0, 0, 0, 0, 0, 0
   \              000000000000
   \              00000000    
   \   00000219   000000000000       DC8 0, 0, 0, 0, 0, 0, 0, 0, 0, 0, 0, 0, 0, 0, 0, 0
   \              000000000000
   \              00000000    
   \   00000229   000000000000       DC8 0, 0, 0, 0, 0, 0, 0, 0, 0, 0, 0, 0, 0, 0, 0, 0
   \              000000000000
   \              00000000    
   \   00000239   000000000000       DC8 0, 0, 0, 0, 0, 0, 0, 0, 0, 0, 0, 0, 0, 0, 0, 0
   \              000000000000
   \              00000000    
   \   00000249   000000000000       DC8 0, 0, 0, 0, 0, 0, 0, 0, 0, 0, 0, 0, 0, 0, 0, 0
   \              000000000000
   \              00000000    
   \   00000259   000000000000       DC8 0, 0, 0, 0, 0, 0, 0, 0, 0, 0, 0, 0, 0, 0, 0, 0
   \              000000000000
   \              00000000    
   \   00000269   000000000000       DC8 0, 0, 0, 0, 0, 0, 0, 0, 0, 0, 0, 0, 0, 0, 0
   \              000000000000
   \              000000      
   \   00000278   02000000           DC32 2
   \   0000027C   7377692E626C       DC8 "swi.blib way"
   \              696220776179
   \              00          
   \   00000289   000000000000       DC8 0, 0, 0, 0, 0, 0, 0, 0, 0, 0, 0, 0, 0, 0, 0, 0, 0, 0, 0
   \              000000000000
   \              000000000000
   \              00          
   \   0000029C   000000007F00       DC32 0, 127
   \              0000        
   \   000002A4   343A5C5A4269       DC8 "4:\\ZBin\\swi.blib"
   \              6E5C7377692E
   \              626C696200  
   \   000002B5   000000000000       DC8 0, 0, 0, 0, 0, 0, 0, 0, 0, 0, 0, 0, 0, 0, 0, 0
   \              000000000000
   \              00000000    
   \   000002C5   000000000000       DC8 0, 0, 0, 0, 0, 0, 0, 0, 0, 0, 0, 0, 0, 0, 0, 0
   \              000000000000
   \              00000000    
   \   000002D5   000000000000       DC8 0, 0, 0, 0, 0, 0, 0, 0, 0, 0, 0, 0, 0, 0, 0, 0
   \              000000000000
   \              00000000    
   \   000002E5   000000000000       DC8 0, 0, 0, 0, 0, 0, 0, 0, 0, 0, 0, 0, 0, 0, 0, 0
   \              000000000000
   \              00000000    
   \   000002F5   000000000000       DC8 0, 0, 0, 0, 0, 0, 0, 0, 0, 0, 0, 0, 0, 0, 0, 0
   \              000000000000
   \              00000000    
   \   00000305   000000000000       DC8 0, 0, 0, 0, 0, 0, 0, 0, 0, 0, 0, 0, 0, 0, 0, 0
   \              000000000000
   \              00000000    
   \   00000315   000000000000       DC8 0, 0, 0, 0, 0, 0, 0, 0, 0, 0, 0, 0, 0, 0, 0
   \              000000000000
   \              000000      
   \   00000324   0B000000           DC32 11
   \   00000328   5265616C7469       DC8 "Realtime lib cache cleaner"
   \              6D65206C6962
   \              206361636865
   \              20636C65616E
   \              657200      
   \   00000343   0000000000         DC8 0, 0, 0, 0, 0
   \   00000348   000000000200       DC32 0, 2, 0, 2
   \              000000000000
   \              02000000    
   \   00000358   4C445F4C4942       DC8 "LD_LIBRARY_PATH"
   \              524152595F50
   \              41544800    
   \   00000368   000000000000       DC8 0, 0, 0, 0, 0, 0, 0, 0, 0, 0, 0, 0, 0, 0, 0, 0
   \              000000000000
   \              00000000    
   \   00000378   00000000FF00       DC32 0, 255
   \              0000        
   \   00000380   303A5C5A4269       DC8 "0:\\ZBin\\lib\\;4:\\ZBin\\lib\\;"
   \              6E5C6C69625C
   \              3B343A5C5A42
   \              696E5C6C6962
   \              5C3B00      
   \   0000039B   000000000000       DC8 0, 0, 0, 0, 0, 0, 0, 0, 0, 0, 0, 0, 0, 0, 0, 0
   \              000000000000
   \              00000000    
   \   000003AB   000000000000       DC8 0, 0, 0, 0, 0, 0, 0, 0, 0, 0, 0, 0, 0, 0, 0, 0
   \              000000000000
   \              00000000    
   \   000003BB   000000000000       DC8 0, 0, 0, 0, 0, 0, 0, 0, 0, 0, 0, 0, 0, 0, 0, 0
   \              000000000000
   \              00000000    
   \   000003CB   000000000000       DC8 0, 0, 0, 0, 0, 0, 0, 0, 0, 0, 0, 0, 0, 0, 0, 0
   \              000000000000
   \              00000000    
   \   000003DB   000000000000       DC8 0, 0, 0, 0, 0, 0, 0, 0, 0, 0, 0, 0, 0, 0, 0, 0
   \              000000000000
   \              00000000    
   \   000003EB   000000000000       DC8 0, 0, 0, 0, 0, 0, 0, 0, 0, 0, 0, 0, 0, 0, 0, 0
   \              000000000000
   \              00000000    
   \   000003FB   000000000000       DC8 0, 0, 0, 0, 0, 0, 0, 0, 0, 0, 0, 0, 0, 0, 0, 0
   \              000000000000
   \              00000000    
   \   0000040B   000000000000       DC8 0, 0, 0, 0, 0, 0, 0, 0, 0, 0, 0, 0, 0, 0, 0, 0
   \              000000000000
   \              00000000    
   \   0000041B   000000000000       DC8 0, 0, 0, 0, 0, 0, 0, 0, 0, 0, 0, 0, 0, 0, 0, 0
   \              000000000000
   \              00000000    
   \   0000042B   000000000000       DC8 0, 0, 0, 0, 0, 0, 0, 0, 0, 0, 0, 0, 0, 0, 0, 0
   \              000000000000
   \              00000000    
   \   0000043B   000000000000       DC8 0, 0, 0, 0, 0, 0, 0, 0, 0, 0, 0, 0, 0, 0, 0, 0
   \              000000000000
   \              00000000    
   \   0000044B   000000000000       DC8 0, 0, 0, 0, 0, 0, 0, 0, 0, 0, 0, 0, 0, 0, 0, 0
   \              000000000000
   \              00000000    
   \   0000045B   000000000000       DC8 0, 0, 0, 0, 0, 0, 0, 0, 0, 0, 0, 0, 0, 0, 0, 0
   \              000000000000
   \              00000000    
   \   0000046B   000000000000       DC8 0, 0, 0, 0, 0, 0, 0, 0, 0, 0, 0, 0, 0, 0, 0, 0, 0, 0, 0, 0, 0
   \              000000000000
   \              000000000000
   \              000000      
   \   00000480   02000000           DC32 2
   \   00000484   4F7074696F6E       DC8 "Optional log way"
   \              616C206C6F67
   \              2077617900  
   \   00000495   000000000000       DC8 0, 0, 0, 0, 0, 0, 0, 0, 0, 0, 0, 0, 0, 0, 0
   \              000000000000
   \              000000      
   \   000004A4   000000007F00       DC32 0, 127
   \              0000        
   \   000004AC   303A5C657033       DC8 "0:\\ep3_log.txt"
   \              5F6C6F672E74
   \              787400      
   \   000004BB   000000000000       DC8 0, 0, 0, 0, 0, 0, 0, 0, 0, 0, 0, 0, 0, 0, 0, 0
   \              000000000000
   \              00000000    
   \   000004CB   000000000000       DC8 0, 0, 0, 0, 0, 0, 0, 0, 0, 0, 0, 0, 0, 0, 0, 0
   \              000000000000
   \              00000000    
   \   000004DB   000000000000       DC8 0, 0, 0, 0, 0, 0, 0, 0, 0, 0, 0, 0, 0, 0, 0, 0
   \              000000000000
   \              00000000    
   \   000004EB   000000000000       DC8 0, 0, 0, 0, 0, 0, 0, 0, 0, 0, 0, 0, 0, 0, 0, 0
   \              000000000000
   \              00000000    
   \   000004FB   000000000000       DC8 0, 0, 0, 0, 0, 0, 0, 0, 0, 0, 0, 0, 0, 0, 0, 0
   \              000000000000
   \              00000000    
   \   0000050B   000000000000       DC8 0, 0, 0, 0, 0, 0, 0, 0, 0, 0, 0, 0, 0, 0, 0, 0
   \              000000000000
   \              00000000    
   \   0000051B   000000000000       DC8 0, 0, 0, 0, 0, 0, 0, 0, 0, 0, 0, 0, 0, 0, 0, 0, 0
   \              000000000000
   \              0000000000  
   \   0000052C   01000000           DC32 1
   \   00000530   4D6178206C6F       DC8 "Max log size in bytes"
   \              672073697A65
   \              20696E206279
   \              74657300    
   \   00000546   000000000000       DC8 0, 0, 0, 0, 0, 0, 0, 0, 0, 0
   \              00000000    
   \   00000550   0000000000C8       DC32 0, 51200, 512, 11
   \              000000020000
   \              0B000000    
   \   00000560   4C6F61646572       DC8 "Loader warnings"
   \              207761726E69
   \              6E677300    
   \   00000570   000000000000       DC8 0, 0, 0, 0, 0, 0, 0, 0, 0, 0, 0, 0, 0, 0, 0, 0
   \              000000000000
   \              00000000    
   \   00000580   000000000200       DC32 0, 2, 0
   \              000000000000
      8          {
      9            {CFG_UINT, "Alpha-chan threshold", 0,255},
     10            128,
     11            
     12            {CFG_UINT,"PNG cache size",20,200},
     13            50,
     14            
     15            {CFG_CBOX,"Default bit-depth",0,3},
     16          #if NEWSGOLD || X75
     17            2,
     18          #else
     19            1,
     20          #endif
     21            {"8 bits","16 bits","24 bits+alpha"},
     22            
     23            {CFG_CHECKBOX,"Load daemon in subproc",0,2},
     24            1,
     25            
     26            {CFG_STR_UTF8, "Image folder way", 0, 127},
     27          #if NEWSGOLD || X75
     28            "4:\\ZBin\\img\\",
     29          #else
     30            "0:\\ZBin\\img\\",
     31          #endif
     32          
     33            {CFG_STR_UTF8, "Daemons folder way", 0, 127},
     34          #if NEWSGOLD || X75
     35            "4:\\ZBin\\Daemons\\",
     36          #else
     37            "0:\\ZBin\\Daemons\\",
     38          #endif
     39            
     40            {CFG_STR_UTF8, "swi.blib way", 0, 127},
     41          #if NEWSGOLD || X75
     42            "4:\\ZBin\\swi.blib",
     43          #else
     44            "0:\\ZBin\\swi.blib",
     45          #endif
     46            
     47            {CFG_CHECKBOX,"Realtime lib cache cleaner",0,2},
     48            0,
     49            
     50            {CFG_STR_UTF8, "LD_LIBRARY_PATH", 0, 255},
     51            "0:\\ZBin\\lib\\;4:\\ZBin\\lib\\;",
     52            
     53            {CFG_STR_UTF8, "Optional log way", 0, 127},
     54            "0:\\ep3_log.txt",
     55            
     56            {CFG_UINT,"Max log size in bytes",0,50*1024},
     57            512,
     58            
     59            {CFG_CHECKBOX, "Loader warnings", 0, 2},
     60            0
     61          };
     62          
     63          
     64          


   Segment part sizes:

     Function/Label   Bytes
     --------------   -----
     config_structure 1420

 
 1 420 bytes in segment DATA_C
 
 1 420 bytes of CONST memory

Errors: none
Warnings: none
