##############################################################################
#                                                                            #
# IAR ARM ANSI C/C++ Compiler V4.42A/W32 EVALUATION    25/Nov/2013  17:49:15 #
# Copyright 1999-2005 IAR Systems. All rights reserved.                      #
#                                                                            #
#    Cpu mode        =  interwork                                            #
#    Endian          =  little                                               #
#    Stack alignment =  4                                                    #
#    Source file     =  E:\iar\SVN\Elfloader3\elfloader3\srcMy\config_data.c #
#    Command line    =  E:\iar\SVN\Elfloader3\elfloader3\srcMy\config_data.c #
#                        -D NDEBUG -D NEWSGOLD -D ELKA -lC                   #
#                       E:\iar\SVN\Elfloader3\elfloader3\srcMy\E71sw45\List\ #
#                        -o E:\iar\SVN\Elfloader3\elfloader3\srcMy\E71sw45\O #
#                       bj\ -s9 --no_unroll --cpu_mode thumb --endian        #
#                       little --cpu ARM926EJ-S --stack_align 4 --interwork  #
#                       -e --fpu None --segment code=CONFIG_CODE --segment   #
#                       data=CONFIG_DATA -I "E:\iar\Embedded Workbench 4.0   #
#                       Evaluation\ARM\INC\" --inline_threshold=2            #
#    List file       =  E:\iar\SVN\Elfloader3\elfloader3\srcMy\E71sw45\List\ #
#                       config_data.lst                                      #
#    Object file     =  E:\iar\SVN\Elfloader3\elfloader3\srcMy\E71sw45\Obj\c #
#                       onfig_data.r79                                       #
#                                                                            #
#                                                                            #
##############################################################################

E:\iar\SVN\Elfloader3\elfloader3\srcMy\config_data.c
      1          #include "../inc/cfg_items.h"
      2          #include "loader3\loader.h"

  #define ELF32_ST_BIND(x)        ELF_ST_BIND(x)
          ^
"E:\iar\SVN\Elfloader3\elfloader3\srcMy\loader3\elf.h",554  Warning[Pe047]: 
          incompatible redefinition of macro "ELF32_ST_BIND" (declared at line
          356)

  #define ELF32_ST_TYPE(x)        ELF_ST_TYPE(x)
          ^
"E:\iar\SVN\Elfloader3\elfloader3\srcMy\loader3\elf.h",555  Warning[Pe047]: 
          incompatible redefinition of macro "ELF32_ST_TYPE" (declared at line
          357)
      3          //Конфигурация
      4          
      5          

   \                                 In segment CONFIG_DATA_I, align 4, align-sorted, root
      6          __root CFG_HDR cfghdr1={CFG_UINT,"Alpha-chan threshold",0,255};
   \                     cfghdr1:
   \   00000000                      DS8 44
   \   0000002C                      REQUIRE `?<Initializer for cfghdr1>`

   \                                 In segment CONFIG_DATA_I, align 4, align-sorted, root
      7          __root unsigned int ALPHA_THRESHOLD=128;
   \                     ALPHA_THRESHOLD:
   \   00000000                      DS8 4
   \   00000004                      REQUIRE `?<Initializer for ALPHA_THRESHOLD>`
      8          

   \                                 In segment CONFIG_DATA_I, align 4, align-sorted, root
      9          __root CFG_HDR cfghdr2={CFG_UINT,"PNG cache size",20,200};
   \                     cfghdr2:
   \   00000000                      DS8 44
   \   0000002C                      REQUIRE `?<Initializer for cfghdr2>`

   \                                 In segment CONFIG_DATA_I, align 4, align-sorted, root
     10          __root unsigned int CACHE_PNG=50;
   \                     CACHE_PNG:
   \   00000000                      DS8 4
   \   00000004                      REQUIRE `?<Initializer for CACHE_PNG>`
     11          
     12          

   \                                 In segment CONFIG_DATA_I, align 4, align-sorted, root
     13          __root CFG_HDR cfghdr3={CFG_CBOX,"Default bit-depth",0,3};
   \                     cfghdr3:
   \   00000000                      DS8 44
   \   0000002C                      REQUIRE `?<Initializer for cfghdr3>`
     14          #if NEWSGOLD || X75

   \                                 In segment CONFIG_DATA_I, align 4, align-sorted, root
     15          __root unsigned int DEFAULT_COLOR = 2;
   \                     DEFAULT_COLOR:
   \   00000000                      DS8 4
   \   00000004                      REQUIRE `?<Initializer for DEFAULT_COLOR>`
     16          #else
     17          __root unsigned int DEFAULT_COLOR = 1;
     18          #endif

   \                                 In segment CONFIG_DATA_I, align 4, align-sorted, root
     19          __root CFG_CBOX_ITEM cfgcbox3_1[3]={"8 bits","16 bits","24 bits+alpha"};
   \                     cfgcbox3_1:
   \   00000000                      DS8 96
   \   00000060                      REQUIRE `?<Initializer for cfgcbox3_1>`
     20          
     21          

   \                                 In segment CONFIG_DATA_I, align 4, align-sorted, root
     22          __root CFG_HDR cfghdr4={CFG_CBOX,"Load daemon in subproc",0,2};
   \                     cfghdr4:
   \   00000000                      DS8 44
   \   0000002C                      REQUIRE `?<Initializer for cfghdr4>`

   \                                 In segment CONFIG_DATA_I, align 4, align-sorted, root
     23          __root unsigned int load_in_suproc = 1;
   \                     load_in_suproc:
   \   00000000                      DS8 4
   \   00000004                      REQUIRE `?<Initializer for load_in_suproc>`

   \                                 In segment CONFIG_DATA_I, align 4, align-sorted, root
     24          __root CFG_CBOX_ITEM cfgcbox4_1[2]={"No","Yes"};
   \                     cfgcbox4_1:
   \   00000000                      DS8 64
   \   00000040                      REQUIRE `?<Initializer for cfgcbox4_1>`
     25          
     26          

   \                                 In segment CONFIG_DATA_I, align 4, align-sorted, root
     27          __root CFG_HDR cfghdr5={CFG_STR_UTF8, "Image folder way", 0, 127};
   \                     cfghdr5:
   \   00000000                      DS8 44
   \   0000002C                      REQUIRE `?<Initializer for cfghdr5>`
     28          #if NEWSGOLD || X75

   \                                 In segment CONFIG_DATA_I, align 4, align-sorted, root
     29          __root char IMAGE_FOLDER[128]="4:\\ZBin\\img\\";
   \                     IMAGE_FOLDER:
   \   00000000                      DS8 128
   \   00000080                      REQUIRE `?<Initializer for IMAGE_FOLDER>`
     30          #else
     31          __root char IMAGE_FOLDER[128]="0:\\ZBin\\img\\";
     32          #endif
     33          

   \                                 In segment CONFIG_DATA_I, align 4, align-sorted, root
     34          __root CFG_HDR cfghdr6={CFG_STR_UTF8, "Daemons folder way", 0, 127};
   \                     cfghdr6:
   \   00000000                      DS8 44
   \   0000002C                      REQUIRE `?<Initializer for cfghdr6>`
     35          #if NEWSGOLD || X75

   \                                 In segment CONFIG_DATA_I, align 4, align-sorted, root
     36          __root char DAEMONS_FOLDER[128]="4:\\ZBin\\Daemons\\";
   \                     DAEMONS_FOLDER:
   \   00000000                      DS8 128
   \   00000080                      REQUIRE `?<Initializer for DAEMONS_FOLDER>`
     37          #else
     38          __root char DAEMONS_FOLDER[128]="0:\\ZBin\\Daemons\\";
     39          #endif
     40          

   \                                 In segment CONFIG_DATA_I, align 4, align-sorted, root
     41          __root CFG_HDR cfghdr7={CFG_STR_UTF8, "swi.blib way", 0, 127};
   \                     cfghdr7:
   \   00000000                      DS8 44
   \   0000002C                      REQUIRE `?<Initializer for cfghdr7>`
     42          #if NEWSGOLD || X75

   \                                 In segment CONFIG_DATA_I, align 4, align-sorted, root
     43          __root char SWIBLIB_WAY[128]="4:\\ZBin\\swi.blib";
   \                     SWIBLIB_WAY:
   \   00000000                      DS8 128
   \   00000080                      REQUIRE `?<Initializer for SWIBLIB_WAY>`

   \                                 In segment CONFIG_DATA_ID, align 4, align-sorted, root
   \                     `?<Initializer for cfghdr1>`:
   \   00000000   01000000           DC32 1
   \   00000004   416C7068612D       DC8 "Alpha-chan threshold"
   \              6368616E2074
   \              68726573686F
   \              6C6400      
   \   00000019   000000000000       DC8 0, 0, 0, 0, 0, 0, 0, 0, 0, 0, 0
   \              0000000000  
   \   00000024   00000000FF00       DC32 0, 255
   \              0000        

   \                                 In segment CONFIG_DATA_ID, align 4, align-sorted, root
   \                     `?<Initializer for ALPHA_THRESHOLD>`:
   \   00000000   80000000           DC32 128

   \                                 In segment CONFIG_DATA_ID, align 4, align-sorted, root
   \                     `?<Initializer for cfghdr2>`:
   \   00000000   01000000           DC32 1
   \   00000004   504E47206361       DC8 "PNG cache size"
   \              636865207369
   \              7A6500      
   \   00000013   000000000000       DC8 0, 0, 0, 0, 0, 0, 0, 0, 0, 0, 0, 0, 0, 0, 0, 0, 0
   \              000000000000
   \              0000000000  
   \   00000024   14000000C800       DC32 20, 200
   \              0000        

   \                                 In segment CONFIG_DATA_ID, align 4, align-sorted, root
   \                     `?<Initializer for CACHE_PNG>`:
   \   00000000   32000000           DC32 50

   \                                 In segment CONFIG_DATA_ID, align 4, align-sorted, root
   \                     `?<Initializer for cfghdr3>`:
   \   00000000   05000000           DC32 5
   \   00000004   44656661756C       DC8 "Default bit-depth"
   \              74206269742D
   \              646570746800
   \   00000016   000000000000       DC8 0, 0, 0, 0, 0, 0, 0, 0, 0, 0, 0, 0, 0, 0
   \              000000000000
   \              0000        
   \   00000024   000000000300       DC32 0, 3
   \              0000        

   \                                 In segment CONFIG_DATA_ID, align 4, align-sorted, root
   \                     `?<Initializer for DEFAULT_COLOR>`:
   \   00000000   02000000           DC32 2

   \                                 In segment CONFIG_DATA_ID, align 4, align-sorted, root
   \                     `?<Initializer for cfgcbox3_1>`:
   \   00000000   382062697473       DC8 "8 bits"
   \              00          
   \   00000007   000000000000       DC8 0, 0, 0, 0, 0, 0, 0, 0, 0, 0, 0, 0, 0, 0, 0, 0
   \              000000000000
   \              00000000    
   \   00000017   000000000000       DC8 0, 0, 0, 0, 0, 0, 0, 0, 0
   \              000000      
   \   00000020   313620626974       DC8 "16 bits"
   \              7300        
   \   00000028   000000000000       DC8 0, 0, 0, 0, 0, 0, 0, 0, 0, 0, 0, 0, 0, 0, 0, 0
   \              000000000000
   \              00000000    
   \   00000038   000000000000       DC8 0, 0, 0, 0, 0, 0, 0, 0
   \              0000        
   \   00000040   323420626974       DC8 "24 bits+alpha"
   \              732B616C7068
   \              6100        
   \   0000004E   000000000000       DC8 0, 0, 0, 0, 0, 0, 0, 0, 0, 0, 0, 0, 0, 0, 0, 0, 0, 0
   \              000000000000
   \              000000000000

   \                                 In segment CONFIG_DATA_ID, align 4, align-sorted, root
   \                     `?<Initializer for cfghdr4>`:
   \   00000000   05000000           DC32 5
   \   00000004   4C6F61642064       DC8 "Load daemon in subproc"
   \              61656D6F6E20
   \              696E20737562
   \              70726F6300  
   \   0000001B   000000000000       DC8 0, 0, 0, 0, 0, 0, 0, 0, 0
   \              000000      
   \   00000024   000000000200       DC32 0, 2
   \              0000        

   \                                 In segment CONFIG_DATA_ID, align 4, align-sorted, root
   \                     `?<Initializer for load_in_suproc>`:
   \   00000000   01000000           DC32 1

   \                                 In segment CONFIG_DATA_ID, align 4, align-sorted, root
   \                     `?<Initializer for cfgcbox4_1>`:
   \   00000000   4E6F00             DC8 "No"
   \   00000003   000000000000       DC8 0, 0, 0, 0, 0, 0, 0, 0, 0, 0, 0, 0, 0, 0, 0, 0
   \              000000000000
   \              00000000    
   \   00000013   000000000000       DC8 0, 0, 0, 0, 0, 0, 0, 0, 0, 0, 0, 0, 0
   \              000000000000
   \              00          
   \   00000020   59657300           DC8 "Yes"
   \   00000024   000000000000       DC8 0, 0, 0, 0, 0, 0, 0, 0, 0, 0, 0, 0, 0, 0, 0, 0
   \              000000000000
   \              00000000    
   \   00000034   000000000000       DC8 0, 0, 0, 0, 0, 0, 0, 0, 0, 0, 0, 0
   \              000000000000

   \                                 In segment CONFIG_DATA_ID, align 4, align-sorted, root
   \                     `?<Initializer for cfghdr5>`:
   \   00000000   02000000           DC32 2
   \   00000004   496D61676520       DC8 "Image folder way"
   \              666F6C646572
   \              2077617900  
   \   00000015   000000000000       DC8 0, 0, 0, 0, 0, 0, 0, 0, 0, 0, 0, 0, 0, 0, 0
   \              000000000000
   \              000000      
   \   00000024   000000007F00       DC32 0, 127
   \              0000        

   \                                 In segment CONFIG_DATA_ID, align 4, align-sorted, root
   \                     `?<Initializer for IMAGE_FOLDER>`:
   \   00000000   343A5C5A4269       DC8 "4:\\ZBin\\img\\"
   \              6E5C696D675C
   \              00          
   \   0000000D   000000000000       DC8 0, 0, 0, 0, 0, 0, 0, 0, 0, 0, 0, 0, 0, 0, 0, 0
   \              000000000000
   \              00000000    
   \   0000001D   000000000000       DC8 0, 0, 0, 0, 0, 0, 0, 0, 0, 0, 0, 0, 0, 0, 0, 0
   \              000000000000
   \              00000000    
   \   0000002D   000000000000       DC8 0, 0, 0, 0, 0, 0, 0, 0, 0, 0, 0, 0, 0, 0, 0, 0
   \              000000000000
   \              00000000    
   \   0000003D   000000000000       DC8 0, 0, 0, 0, 0, 0, 0, 0, 0, 0, 0, 0, 0, 0, 0, 0
   \              000000000000
   \              00000000    
   \   0000004D   000000000000       DC8 0, 0, 0, 0, 0, 0, 0, 0, 0, 0, 0, 0, 0, 0, 0, 0
   \              000000000000
   \              00000000    
   \   0000005D   000000000000       DC8 0, 0, 0, 0, 0, 0, 0, 0, 0, 0, 0, 0, 0, 0, 0, 0
   \              000000000000
   \              00000000    
   \   0000006D   000000000000       DC8 0, 0, 0, 0, 0, 0, 0, 0, 0, 0, 0, 0, 0, 0, 0, 0, 0, 0, 0
   \              000000000000
   \              000000000000
   \              00          

   \                                 In segment CONFIG_DATA_ID, align 4, align-sorted, root
   \                     `?<Initializer for cfghdr6>`:
   \   00000000   02000000           DC32 2
   \   00000004   4461656D6F6E       DC8 "Daemons folder way"
   \              7320666F6C64
   \              657220776179
   \              00          
   \   00000017   000000000000       DC8 0, 0, 0, 0, 0, 0, 0, 0, 0, 0, 0, 0, 0
   \              000000000000
   \              00          
   \   00000024   000000007F00       DC32 0, 127
   \              0000        

   \                                 In segment CONFIG_DATA_ID, align 4, align-sorted, root
   \                     `?<Initializer for DAEMONS_FOLDER>`:
   \   00000000   343A5C5A4269       DC8 "4:\\ZBin\\Daemons\\"
   \              6E5C4461656D
   \              6F6E735C00  
   \   00000011   000000000000       DC8 0, 0, 0, 0, 0, 0, 0, 0, 0, 0, 0, 0, 0, 0, 0, 0
   \              000000000000
   \              00000000    
   \   00000021   000000000000       DC8 0, 0, 0, 0, 0, 0, 0, 0, 0, 0, 0, 0, 0, 0, 0, 0
   \              000000000000
   \              00000000    
   \   00000031   000000000000       DC8 0, 0, 0, 0, 0, 0, 0, 0, 0, 0, 0, 0, 0, 0, 0, 0
   \              000000000000
   \              00000000    
   \   00000041   000000000000       DC8 0, 0, 0, 0, 0, 0, 0, 0, 0, 0, 0, 0, 0, 0, 0, 0
   \              000000000000
   \              00000000    
   \   00000051   000000000000       DC8 0, 0, 0, 0, 0, 0, 0, 0, 0, 0, 0, 0, 0, 0, 0, 0
   \              000000000000
   \              00000000    
   \   00000061   000000000000       DC8 0, 0, 0, 0, 0, 0, 0, 0, 0, 0, 0, 0, 0, 0, 0, 0
   \              000000000000
   \              00000000    
   \   00000071   000000000000       DC8 0, 0, 0, 0, 0, 0, 0, 0, 0, 0, 0, 0, 0, 0, 0
   \              000000000000
   \              000000      

   \                                 In segment CONFIG_DATA_ID, align 4, align-sorted, root
   \                     `?<Initializer for cfghdr7>`:
   \   00000000   02000000           DC32 2
   \   00000004   7377692E626C       DC8 "swi.blib way"
   \              696220776179
   \              00          
   \   00000011   000000000000       DC8 0, 0, 0, 0, 0, 0, 0, 0, 0, 0, 0, 0, 0, 0, 0, 0, 0, 0, 0
   \              000000000000
   \              000000000000
   \              00          
   \   00000024   000000007F00       DC32 0, 127
   \              0000        

   \                                 In segment CONFIG_DATA_ID, align 4, align-sorted, root
   \                     `?<Initializer for SWIBLIB_WAY>`:
   \   00000000   343A5C5A4269       DC8 "4:\\ZBin\\swi.blib"
   \              6E5C7377692E
   \              626C696200  
   \   00000011   000000000000       DC8 0, 0, 0, 0, 0, 0, 0, 0, 0, 0, 0, 0, 0, 0, 0, 0
   \              000000000000
   \              00000000    
   \   00000021   000000000000       DC8 0, 0, 0, 0, 0, 0, 0, 0, 0, 0, 0, 0, 0, 0, 0, 0
   \              000000000000
   \              00000000    
   \   00000031   000000000000       DC8 0, 0, 0, 0, 0, 0, 0, 0, 0, 0, 0, 0, 0, 0, 0, 0
   \              000000000000
   \              00000000    
   \   00000041   000000000000       DC8 0, 0, 0, 0, 0, 0, 0, 0, 0, 0, 0, 0, 0, 0, 0, 0
   \              000000000000
   \              00000000    
   \   00000051   000000000000       DC8 0, 0, 0, 0, 0, 0, 0, 0, 0, 0, 0, 0, 0, 0, 0, 0
   \              000000000000
   \              00000000    
   \   00000061   000000000000       DC8 0, 0, 0, 0, 0, 0, 0, 0, 0, 0, 0, 0, 0, 0, 0, 0
   \              000000000000
   \              00000000    
   \   00000071   000000000000       DC8 0, 0, 0, 0, 0, 0, 0, 0, 0, 0, 0, 0, 0, 0, 0
   \              000000000000
   \              000000      
     44          #else
     45          __root char SWIBLIB_WAY[128]="0:\\ZBin\\swi.blib";
     46          #endif


   Segment part sizes:

     Function/Label                 Bytes
     --------------                 -----
     cfghdr1                          44
     ALPHA_THRESHOLD                   4
     cfghdr2                          44
     CACHE_PNG                         4
     cfghdr3                          44
     DEFAULT_COLOR                     4
     cfgcbox3_1                       96
     cfghdr4                          44
     load_in_suproc                    4
     cfgcbox4_1                       64
     cfghdr5                          44
     IMAGE_FOLDER                    128
     cfghdr6                          44
     DAEMONS_FOLDER                  128
     cfghdr7                          44
     SWIBLIB_WAY                     128
     ?<Initializer for cfghdr1>       44
     ?<Initializer for ALPHA_THRESHOLD>
                                       4
     ?<Initializer for cfghdr2>       44
     ?<Initializer for CACHE_PNG>      4
     ?<Initializer for cfghdr3>       44
     ?<Initializer for DEFAULT_COLOR>
                                       4
     ?<Initializer for cfgcbox3_1>    96
     ?<Initializer for cfghdr4>       44
     ?<Initializer for load_in_suproc>
                                       4
     ?<Initializer for cfgcbox4_1>    64
     ?<Initializer for cfghdr5>       44
     ?<Initializer for IMAGE_FOLDER>
                                     128
     ?<Initializer for cfghdr6>       44
     ?<Initializer for DAEMONS_FOLDER>
                                     128
     ?<Initializer for cfghdr7>       44
     ?<Initializer for SWIBLIB_WAY>  128
      Others                          12

 
 868 bytes in segment CONFIG_DATA_I
 868 bytes in segment CONFIG_DATA_ID
  12 bytes in segment INITTAB
 
   0 bytes of CODE  memory (+ 12 bytes shared)
 868 bytes of CONST memory
 868 bytes of DATA  memory

Errors: none
Warnings: 2
